2020-07-29 11:59:47,173 INFO o.a.j.u.JMeterUtils: Setting Locale to en_EN
2020-07-29 11:59:47,220 INFO o.a.j.JMeter: Loading user properties from: user.properties
2020-07-29 11:59:47,220 INFO o.a.j.JMeter: Loading system properties from: system.properties
2020-07-29 11:59:47,220 INFO o.a.j.JMeter: Copyright (c) 1998-2020 The Apache Software Foundation
2020-07-29 11:59:47,220 INFO o.a.j.JMeter: Version 5.3
2020-07-29 11:59:47,220 INFO o.a.j.JMeter: java.version=1.8.0_181
2020-07-29 11:59:47,220 INFO o.a.j.JMeter: java.vm.name=Java HotSpot(TM) 64-Bit Server VM
2020-07-29 11:59:47,220 INFO o.a.j.JMeter: os.name=Windows 8.1
2020-07-29 11:59:47,220 INFO o.a.j.JMeter: os.arch=amd64
2020-07-29 11:59:47,220 INFO o.a.j.JMeter: os.version=6.3
2020-07-29 11:59:47,220 INFO o.a.j.JMeter: file.encoding=Cp1252
2020-07-29 11:59:47,220 INFO o.a.j.JMeter: java.awt.headless=true
2020-07-29 11:59:47,220 INFO o.a.j.JMeter: Max memory     =1073741824
2020-07-29 11:59:47,220 INFO o.a.j.JMeter: Available Processors =2
2020-07-29 11:59:47,236 INFO o.a.j.JMeter: Default Locale=English (EN)
2020-07-29 11:59:47,236 INFO o.a.j.JMeter: JMeter  Locale=English (EN)
2020-07-29 11:59:47,236 INFO o.a.j.JMeter: JMeterHome=C:\Users\pareshb\Downloads\apache-jmeter-5.3\apache-jmeter-5.3
2020-07-29 11:59:47,236 INFO o.a.j.JMeter: user.dir  =C:\Users\pareshb\Downloads\apache-jmeter-5.3\apache-jmeter-5.3\bin
2020-07-29 11:59:47,236 INFO o.a.j.JMeter: PWD       =C:\Users\pareshb\Downloads\apache-jmeter-5.3\apache-jmeter-5.3\bin
2020-07-29 11:59:47,236 INFO o.a.j.JMeter: IP: 192.168.0.103 Name: paresh FullName: paresh
2020-07-29 11:59:47,251 INFO o.a.j.JMeter: Setting property 'jmeter.reportgenerator.outputdir' to:'C:\Users\pareshb\Downloads\apache-jmeter-5.3\apache-jmeter-5.3\bin\OUTPUT_FOLDER3'
2020-07-29 11:59:47,267 INFO o.a.j.r.d.ReportGenerator: ReportGenerator will use for Parsing the separator: ','
2020-07-29 11:59:47,267 INFO o.a.j.r.d.ReportGenerator: Will only generate report from results file: res3.jtl
2020-07-29 11:59:47,267 INFO o.a.j.r.d.ReportGenerator: Reading report generator properties from: C:\Users\pareshb\Downloads\apache-jmeter-5.3\apache-jmeter-5.3\bin\reportgenerator.properties
2020-07-29 11:59:47,314 INFO o.a.j.r.d.ReportGenerator: Merging with JMeter properties
2020-07-29 11:59:47,329 INFO o.a.j.r.c.ReportGeneratorConfiguration: Property 'jmeter.reportgenerator.temp_dir' not found, using default value 'temp' instead.
2020-07-29 11:59:47,329 INFO o.a.j.r.c.ReportGeneratorConfiguration: Property 'jmeter.reportgenerator.apdex_per_transaction' not found, using default value 'null' instead.
2020-07-29 11:59:47,345 INFO o.a.j.r.c.ReportGeneratorConfiguration: apdex_per_transaction is empty, not APDEX per transaction customization
2020-07-29 11:59:47,345 INFO o.a.j.r.c.ReportGeneratorConfiguration: Property 'jmeter.reportgenerator.sample_filter' not found, using default value 'null' instead.
2020-07-29 11:59:47,345 INFO o.a.j.r.c.ReportGeneratorConfiguration: Property 'jmeter.reportgenerator.report_title' not found, using default value 'null' instead.
2020-07-29 11:59:47,345 INFO o.a.j.r.c.ReportGeneratorConfiguration: Property 'jmeter.reportgenerator.start_date' not found, using default value 'null' instead.
2020-07-29 11:59:47,345 INFO o.a.j.r.c.ReportGeneratorConfiguration: Property 'jmeter.reportgenerator.end_date' not found, using default value 'null' instead.
2020-07-29 11:59:47,345 INFO o.a.j.r.c.ReportGeneratorConfiguration: Property 'jmeter.reportgenerator.date_format' not found, using default value 'null' instead.
2020-07-29 11:59:47,345 INFO o.a.j.r.c.ReportGeneratorConfiguration: Will use date range start date: null, end date: null
2020-07-29 11:59:47,345 INFO o.a.j.r.c.ReportGeneratorConfiguration: Property 'jmeter.reportgenerator.graph.totalTPS.exclude_controllers' not found, using default value 'false' instead.
2020-07-29 11:59:47,345 INFO o.a.j.r.c.ReportGeneratorConfiguration: Property 'jmeter.reportgenerator.graph.activeThreadsOverTime.exclude_controllers' not found, using default value 'false' instead.
2020-07-29 11:59:47,345 INFO o.a.j.r.c.ReportGeneratorConfiguration: Property 'jmeter.reportgenerator.graph.timeVsThreads.exclude_controllers' not found, using default value 'false' instead.
2020-07-29 11:59:47,345 INFO o.a.j.r.c.ReportGeneratorConfiguration: Property 'jmeter.reportgenerator.graph.responseTimeDistribution.exclude_controllers' not found, using default value 'false' instead.
2020-07-29 11:59:47,361 INFO o.a.j.r.c.ReportGeneratorConfiguration: Property 'jmeter.reportgenerator.graph.transactionsPerSecond.exclude_controllers' not found, using default value 'false' instead.
2020-07-29 11:59:47,361 INFO o.a.j.r.c.ReportGeneratorConfiguration: Property 'jmeter.reportgenerator.graph.responseTimePercentiles.exclude_controllers' not found, using default value 'false' instead.
2020-07-29 11:59:47,361 INFO o.a.j.r.c.ReportGeneratorConfiguration: Property 'jmeter.reportgenerator.graph.responseTimePercentilesOverTime.exclude_controllers' not found, using default value 'false' instead.
2020-07-29 11:59:47,361 INFO o.a.j.r.c.ReportGeneratorConfiguration: Property 'jmeter.reportgenerator.graph.responseTimesOverTime.exclude_controllers' not found, using default value 'false' instead.
2020-07-29 11:59:47,361 INFO o.a.j.r.c.ReportGeneratorConfiguration: Property 'jmeter.reportgenerator.graph.connectTimeOverTime.exclude_controllers' not found, using default value 'false' instead.
2020-07-29 11:59:47,361 INFO o.a.j.r.c.ReportGeneratorConfiguration: Property 'jmeter.reportgenerator.graph.latenciesOverTime.exclude_controllers' not found, using default value 'false' instead.
2020-07-29 11:59:47,361 INFO o.a.j.r.c.ReportGeneratorConfiguration: Property 'jmeter.reportgenerator.exporter.json.filters_only_sample_series' not found, using default value 'true' instead.
2020-07-29 11:59:47,361 INFO o.a.j.r.c.ReportGeneratorConfiguration: Property 'jmeter.reportgenerator.exporter.json.series_filter' not found, using default value '' instead.
2020-07-29 11:59:47,361 INFO o.a.j.r.c.ReportGeneratorConfiguration: Property 'jmeter.reportgenerator.exporter.json.show_controllers_only' not found, using default value 'false' instead.
2020-07-29 11:59:47,361 INFO o.a.j.r.c.ReportGeneratorConfiguration: Property 'jmeter.reportgenerator.exporter.html.filters_only_sample_series' not found, using default value 'true' instead.
2020-07-29 11:59:47,361 INFO o.a.j.r.c.ReportGeneratorConfiguration: Property 'jmeter.reportgenerator.exporter.html.series_filter' not found, using default value '' instead.
2020-07-29 11:59:47,361 INFO o.a.j.r.c.ReportGeneratorConfiguration: Property 'jmeter.reportgenerator.exporter.html.show_controllers_only' not found, using default value 'false' instead.
2020-07-29 11:59:47,766 INFO o.a.j.s.SaveService: Testplan (JMX) version: 2.2. Testlog (JTL) version: 2.2
2020-07-29 11:59:47,825 INFO o.a.j.s.SaveService: Using SaveService properties file encoding UTF-8
2020-07-29 11:59:47,837 INFO o.a.j.s.SaveService: Using SaveService properties version 5.0
2020-07-29 11:59:47,930 INFO o.a.j.r.p.NormalizerSampleConsumer: Using format, 'ms', to parse timeStamp field
2020-07-29 11:59:48,563 INFO o.a.j.r.p.AbstractSampleConsumer: class org.apache.jmeter.report.processor.AggregateConsumer#stopProducing(): beginDate produced 0 samples
2020-07-29 11:59:48,563 INFO o.a.j.r.p.AbstractSampleConsumer: class org.apache.jmeter.report.processor.AggregateConsumer#stopProducing(): endDate produced 0 samples
2020-07-29 11:59:48,569 INFO o.a.j.r.p.AbstractSampleConsumer: class org.apache.jmeter.report.processor.ApdexSummaryConsumer#stopProducing(): apdexSummary produced 0 samples
2020-07-29 11:59:48,569 INFO o.a.j.r.p.AbstractSampleConsumer: class org.apache.jmeter.report.processor.RequestsSummaryConsumer#stopProducing(): requestsSummary produced 0 samples
2020-07-29 11:59:48,579 INFO o.a.j.r.p.AbstractSampleConsumer: class org.apache.jmeter.report.processor.StatisticsSummaryConsumer#stopProducing(): statisticsSummary produced 0 samples
2020-07-29 11:59:48,598 INFO o.a.j.r.p.AbstractSampleConsumer: class org.apache.jmeter.report.processor.Top5ErrorsBySamplerConsumer#stopProducing(): top5ErrorsBySampler produced 0 samples
2020-07-29 11:59:48,598 INFO o.a.j.r.p.AbstractSampleConsumer: class org.apache.jmeter.report.processor.ErrorsSummaryConsumer#stopProducing(): errorsSummary produced 0 samples
2020-07-29 11:59:48,599 INFO o.a.j.r.p.AbstractSampleConsumer: class org.apache.jmeter.report.processor.graph.impl.HitsPerSecondGraphConsumer#stopProducing(): hitsPerSecond produced 0 samples
2020-07-29 11:59:48,629 INFO o.a.j.r.p.AbstractSampleConsumer: class org.apache.jmeter.report.processor.graph.impl.LatencyVSRequestGraphConsumer#stopProducing(): latencyVsRequest produced 0 samples
2020-07-29 11:59:48,629 INFO o.a.j.r.p.AbstractSampleConsumer: class org.apache.jmeter.report.processor.graph.impl.SyntheticResponseTimeDistributionGraphConsumer#stopProducing(): syntheticResponseTimeDistribution produced 0 samples
2020-07-29 11:59:48,629 INFO o.a.j.r.p.AbstractSampleConsumer: class org.apache.jmeter.report.processor.graph.impl.BytesThroughputGraphConsumer#stopProducing(): bytesThroughputOverTime produced 0 samples
2020-07-29 11:59:48,629 INFO o.a.j.r.p.AbstractSampleConsumer: class org.apache.jmeter.report.processor.graph.impl.CodesPerSecondGraphConsumer#stopProducing(): codesPerSecond produced 0 samples
2020-07-29 11:59:48,629 INFO o.a.j.r.p.AbstractSampleConsumer: class org.apache.jmeter.report.processor.graph.impl.ResponseTimeVSRequestGraphConsumer#stopProducing(): responseTimeVsRequest produced 0 samples
2020-07-29 11:59:48,629 INFO o.a.j.r.p.AbstractSampleConsumer: class org.apache.jmeter.report.processor.FilterConsumer#stopProducing(): startIntervalControlerFilter produced 140 samples
2020-07-29 11:59:48,629 INFO o.a.j.r.p.AbstractSampleConsumer: class org.apache.jmeter.report.processor.graph.impl.TotalTPSGraphConsumer#stopProducing(): totalTPS produced 0 samples
2020-07-29 11:59:48,629 INFO o.a.j.r.p.AbstractSampleConsumer: class org.apache.jmeter.report.processor.graph.impl.ActiveThreadsGraphConsumer#stopProducing(): activeThreadsOverTime produced 0 samples
2020-07-29 11:59:48,629 INFO o.a.j.r.p.AbstractSampleConsumer: class org.apache.jmeter.report.processor.graph.impl.TimeVSThreadGraphConsumer#stopProducing(): timeVsThreads produced 0 samples
2020-07-29 11:59:48,645 INFO o.a.j.r.p.AbstractSampleConsumer: class org.apache.jmeter.report.processor.graph.impl.ResponseTimeDistributionGraphConsumer#stopProducing(): responseTimeDistribution produced 0 samples
2020-07-29 11:59:48,645 INFO o.a.j.r.p.AbstractSampleConsumer: class org.apache.jmeter.report.processor.graph.impl.TransactionsPerSecondGraphConsumer#stopProducing(): transactionsPerSecond produced 0 samples
2020-07-29 11:59:48,645 INFO o.a.j.r.p.AbstractSampleConsumer: class org.apache.jmeter.report.processor.graph.impl.ResponseTimePercentilesGraphConsumer#stopProducing(): responseTimePercentiles produced 0 samples
2020-07-29 11:59:48,645 INFO o.a.j.r.p.AbstractSampleConsumer: class org.apache.jmeter.report.processor.graph.impl.ResponseTimePercentilesOverTimeGraphConsumer#stopProducing(): responseTimePercentilesOverTime produced 0 samples
2020-07-29 11:59:48,645 INFO o.a.j.r.p.AbstractSampleConsumer: class org.apache.jmeter.report.processor.graph.impl.ResponseTimeOverTimeGraphConsumer#stopProducing(): responseTimesOverTime produced 0 samples
2020-07-29 11:59:48,645 INFO o.a.j.r.p.AbstractSampleConsumer: class org.apache.jmeter.report.processor.graph.impl.ConnectTimeOverTimeGraphConsumer#stopProducing(): connectTimeOverTime produced 0 samples
2020-07-29 11:59:48,645 INFO o.a.j.r.p.AbstractSampleConsumer: class org.apache.jmeter.report.processor.graph.impl.LatencyOverTimeGraphConsumer#stopProducing(): latenciesOverTime produced 0 samples
2020-07-29 11:59:48,645 INFO o.a.j.r.p.AbstractSampleConsumer: class org.apache.jmeter.report.processor.FilterConsumer#stopProducing(): nameFilter produced 450 samples
2020-07-29 11:59:48,645 INFO o.a.j.r.p.AbstractSampleConsumer: class org.apache.jmeter.report.processor.FilterConsumer#stopProducing(): dateRangeFilter produced 90 samples
2020-07-29 11:59:48,645 INFO o.a.j.r.p.AbstractSampleConsumer: class org.apache.jmeter.report.processor.NormalizerSampleConsumer#stopProducing(): normalizer produced 30 samples
2020-07-29 11:59:48,645 INFO o.a.j.r.p.CsvFileSampleSource: produce(): 30 samples produced in 484ms on channel 0
2020-07-29 11:59:48,645 INFO o.a.j.r.d.ReportGenerator: Exporting data using exporter:'json' of className:'org.apache.jmeter.report.dashboard.JsonExporter'
2020-07-29 11:59:48,660 INFO o.a.j.r.d.JsonExporter: Found data for consumer statisticsSummary in context
2020-07-29 11:59:48,660 INFO o.a.j.r.d.JsonExporter: Creating statistics for overall
2020-07-29 11:59:48,660 INFO o.a.j.r.d.JsonExporter: Creating statistics for other transactions
2020-07-29 11:59:48,660 INFO o.a.j.r.d.JsonExporter: Checking output folder
2020-07-29 11:59:48,660 INFO o.a.j.r.d.JsonExporter: Writing statistics JSON to C:\Users\pareshb\Downloads\apache-jmeter-5.3\apache-jmeter-5.3\bin\OUTPUT_FOLDER3\statistics.json
2020-07-29 11:59:49,270 INFO o.a.j.r.d.ReportGenerator: Exporting data using exporter:'html' of className:'org.apache.jmeter.report.dashboard.HtmlTemplateExporter'
2020-07-29 11:59:49,285 INFO o.a.j.r.d.HtmlTemplateExporter: Will generate dashboard in folder: C:\Users\pareshb\Downloads\apache-jmeter-5.3\apache-jmeter-5.3\bin\OUTPUT_FOLDER3
2020-07-29 11:59:49,692 ERROR f.configuration: DefaultObjectWrapper.incompatibleImprovements was set to the object returned by Configuration.getVersion(). That defeats the purpose of incompatibleImprovements, and makes upgrading FreeMarker a potentially breaking change. Also, this probably won't be allowed starting from 2.4.0. Instead, set incompatibleImprovements to the highest concrete version that's known to be compatible with your application.
2020-07-29 11:59:49,692 ERROR f.configuration: Configuration.incompatibleImprovements was set to the object returned by Configuration.getVersion(). That defeats the purpose of incompatibleImprovements, and makes upgrading FreeMarker a potentially breaking change. Also, this probably won't be allowed starting from 2.4.0. Instead, set incompatibleImprovements to the highest concrete version that's known to be compatible with your application.
2020-07-29 11:59:49,723 INFO o.a.j.r.d.HtmlTemplateExporter: Report will be generated in: C:\Users\pareshb\Downloads\apache-jmeter-5.3\apache-jmeter-5.3\bin\OUTPUT_FOLDER3, creating folder structure
2020-07-29 11:59:49,739 INFO o.a.j.r.d.TemplateVisitor: Copying folder from 'C:\Users\pareshb\Downloads\apache-jmeter-5.3\apache-jmeter-5.3\bin\report-template' to 'C:\Users\pareshb\Downloads\apache-jmeter-5.3\apache-jmeter-5.3\bin\OUTPUT_FOLDER3', got message: C:\Users\pareshb\Downloads\apache-jmeter-5.3\apache-jmeter-5.3\bin\OUTPUT_FOLDER3, found non empty folder with following content [C:\Users\pareshb\Downloads\apache-jmeter-5.3\apache-jmeter-5.3\bin\OUTPUT_FOLDER3\statistics.json], will be ignored
